TN:
SF:src\config\prisma.js
FNF:0
FNH:0
DA:1,2
DA:3,2
DA:5,2
LF:3
LH:3
BRF:0
BRH:0
end_of_record
TN:
SF:src\controllers\order.controller.js
FN:5,(anonymous_0)
FN:17,(anonymous_1)
FN:33,(anonymous_2)
FN:45,(anonymous_3)
FN:62,(anonymous_4)
FNF:5
FNH:5
FNDA:2,(anonymous_0)
FNDA:3,(anonymous_1)
FNDA:3,(anonymous_2)
FNDA:3,(anonymous_3)
FNDA:3,(anonymous_4)
DA:1,1
DA:2,1
DA:3,1
DA:5,1
DA:6,2
DA:7,2
DA:8,1
DA:10,2
DA:11,0
DA:13,2
DA:17,1
DA:18,3
DA:19,3
DA:20,3
DA:27,0
DA:29,3
DA:33,1
DA:34,3
DA:35,3
DA:36,1
DA:37,0
DA:39,1
DA:41,3
DA:45,1
DA:46,3
DA:47,3
DA:48,3
DA:49,3
DA:52,0
DA:53,0
DA:54,0
DA:56,0
DA:58,3
DA:62,1
DA:63,3
DA:64,3
DA:65,1
DA:66,1
DA:68,0
DA:70,3
DA:74,1
LF:41
LH:33
BRDA:10,0,0,0
BRDA:10,0,1,2
BRDA:36,1,0,0
BRDA:36,1,1,1
BRDA:48,2,0,3
BRDA:48,2,1,0
BRDA:48,3,0,3
BRDA:48,3,1,2
BRDA:53,4,0,0
BRDA:53,4,1,0
BRDA:65,5,0,1
BRDA:65,5,1,0
BRF:12
BRH:6
end_of_record
TN:
SF:src\services\order.service.js
FN:5,(anonymous_0)
FN:9,(anonymous_1)
FN:15,(anonymous_2)
FN:24,(anonymous_3)
FN:29,(anonymous_4)
FN:40,(anonymous_5)
FN:41,(anonymous_6)
FN:46,(anonymous_7)
FN:47,(anonymous_8)
FN:65,(anonymous_9)
FN:71,(anonymous_10)
FN:88,(anonymous_11)
FN:103,(anonymous_12)
FN:122,(anonymous_13)
FN:159,(anonymous_14)
FN:186,(anonymous_15)
FN:187,(anonymous_16)
FN:213,(anonymous_17)
FN:226,(anonymous_18)
FN:227,(anonymous_19)
FNF:20
FNH:10
FNDA:3,(anonymous_0)
FNDA:0,(anonymous_1)
FNDA:3,(anonymous_2)
FNDA:3,(anonymous_3)
FNDA:0,(anonymous_4)
FNDA:0,(anonymous_5)
FNDA:0,(anonymous_6)
FNDA:0,(anonymous_7)
FNDA:0,(anonymous_8)
FNDA:0,(anonymous_9)
FNDA:0,(anonymous_10)
FNDA:0,(anonymous_11)
FNDA:3,(anonymous_12)
FNDA:0,(anonymous_13)
FNDA:3,(anonymous_14)
FNDA:1,(anonymous_15)
FNDA:1,(anonymous_16)
FNDA:2,(anonymous_17)
FNDA:1,(anonymous_18)
FNDA:1,(anonymous_19)
DA:1,2
DA:2,2
DA:4,2
DA:6,3
DA:7,3
DA:9,0
DA:16,3
DA:17,3
DA:18,2
DA:20,1
DA:24,2
DA:25,3
DA:27,0
DA:29,0
DA:36,0
DA:37,0
DA:40,0
DA:41,0
DA:42,0
DA:43,0
DA:46,0
DA:47,0
DA:48,0
DA:49,0
DA:51,0
DA:52,0
DA:54,0
DA:57,0
DA:65,0
DA:66,0
DA:71,0
DA:88,0
DA:89,0
DA:99,0
DA:103,2
DA:104,3
DA:115,3
DA:116,1
DA:119,2
DA:122,2
DA:123,0
DA:124,0
DA:126,0
DA:127,0
DA:128,0
DA:131,0
DA:148,0
DA:159,2
DA:160,3
DA:171,3
DA:172,0
DA:175,3
DA:177,1
DA:178,0
DA:181,1
DA:182,0
DA:185,1
DA:186,1
DA:187,1
DA:188,1
DA:198,1
DA:204,0
DA:210,1
DA:213,2
DA:214,2
DA:218,2
DA:219,0
DA:222,2
DA:223,1
DA:226,1
DA:227,1
DA:228,1
DA:238,1
DA:243,1
DA:246,2
LF:75
LH:40
BRDA:6,0,0,3
BRDA:6,0,1,0
BRDA:6,1,0,3
BRDA:6,1,1,0
BRDA:12,2,0,0
BRDA:12,2,1,0
BRDA:17,3,0,2
BRDA:17,3,1,1
BRDA:36,4,0,0
BRDA:36,4,1,0
BRDA:42,5,0,0
BRDA:42,5,1,0
BRDA:48,6,0,0
BRDA:48,6,1,0
BRDA:51,7,0,0
BRDA:51,7,1,0
BRDA:115,8,0,1
BRDA:115,8,1,2
BRDA:122,9,0,0
BRDA:123,10,0,0
BRDA:123,11,0,0
BRDA:123,12,0,0
BRDA:123,13,0,0
BRDA:127,14,0,0
BRDA:127,14,1,0
BRDA:171,15,0,0
BRDA:171,15,1,3
BRDA:177,16,0,0
BRDA:177,16,1,1
BRDA:177,17,0,1
BRDA:177,17,1,0
BRDA:181,18,0,0
BRDA:181,18,1,1
BRDA:181,19,0,1
BRDA:181,19,1,0
BRDA:185,20,0,1
BRDA:185,20,1,0
BRDA:185,21,0,1
BRDA:185,21,1,1
BRDA:218,22,0,0
BRDA:218,22,1,2
BRDA:222,23,0,1
BRDA:222,23,1,1
BRF:43
BRH:17
end_of_record
TN:
SF:src\utils\response.js
FN:25,(anonymous_0)
FN:35,(anonymous_1)
FN:45,(anonymous_2)
FN:55,(anonymous_3)
FN:65,(anonymous_4)
FNF:5
FNH:0
FNDA:0,(anonymous_0)
FNDA:0,(anonymous_1)
FNDA:0,(anonymous_2)
FNDA:0,(anonymous_3)
FNDA:0,(anonymous_4)
DA:25,1
DA:35,1
DA:45,1
DA:55,1
DA:65,1
DA:70,1
LF:6
LH:6
BRDA:47,0,0,0
BRDA:47,0,1,0
BRDA:57,1,0,0
BRDA:57,1,1,0
BRDA:67,2,0,0
BRDA:67,2,1,0
BRF:6
BRH:0
end_of_record
TN:
SF:src\utils\validation.js
FN:23,(anonymous_0)
FN:36,(anonymous_1)
FN:49,(anonymous_2)
FN:61,(anonymous_3)
FN:74,(anonymous_4)
FN:97,(anonymous_5)
FN:110,(anonymous_6)
FNF:7
FNH:0
FNDA:0,(anonymous_0)
FNDA:0,(anonymous_1)
FNDA:0,(anonymous_2)
FNDA:0,(anonymous_3)
FNDA:0,(anonymous_4)
FNDA:0,(anonymous_5)
FNDA:0,(anonymous_6)
DA:23,1
DA:24,0
DA:25,0
DA:26,0
DA:28,0
DA:36,1
DA:37,0
DA:38,0
DA:39,0
DA:41,0
DA:49,1
DA:50,0
DA:51,0
DA:53,0
DA:61,1
DA:62,0
DA:63,0
DA:64,0
DA:66,0
DA:74,1
DA:75,0
DA:76,0
DA:78,0
DA:79,0
DA:82,0
DA:83,0
DA:86,0
DA:97,1
DA:98,0
DA:99,0
DA:100,0
DA:102,0
DA:110,1
DA:111,0
DA:112,0
DA:113,0
DA:115,0
DA:118,1
LF:38
LH:8
BRDA:25,0,0,0
BRDA:25,0,1,0
BRDA:25,1,0,0
BRDA:25,1,1,0
BRDA:38,2,0,0
BRDA:38,2,1,0
BRDA:38,3,0,0
BRDA:38,3,1,0
BRDA:50,4,0,0
BRDA:50,4,1,0
BRDA:50,5,0,0
BRDA:50,5,1,0
BRDA:63,6,0,0
BRDA:63,6,1,0
BRDA:63,7,0,0
BRDA:63,7,1,0
BRDA:74,8,0,0
BRDA:74,9,0,0
BRDA:78,10,0,0
BRDA:78,10,1,0
BRDA:78,11,0,0
BRDA:78,11,1,0
BRDA:82,12,0,0
BRDA:82,12,1,0
BRDA:82,13,0,0
BRDA:82,13,1,0
BRDA:99,14,0,0
BRDA:99,14,1,0
BRDA:99,15,0,0
BRDA:99,15,1,0
BRDA:112,16,0,0
BRDA:112,16,1,0
BRDA:112,17,0,0
BRDA:112,17,1,0
BRF:34
BRH:0
end_of_record
